<?xml version="1.0" encoding="UTF-8"?>
<testsuite xmlns:xsi="http://www.w3.org/2001/XMLSchema-instance" xsi:noNamespaceSchemaLocation="https://maven.apache.org/surefire/maven-surefire-plugin/xsd/surefire-test-report.xsd" name="org.projet6.escalade.model.AppTest" time="0.04" tests="1" errors="0" skipped="0" failures="0">
  <properties>
    <property name="sun.desktop" value="windows"/>
    <property name="awt.toolkit" value="sun.awt.windows.WToolkit"/>
    <property name="java.specification.version" value="12"/>
    <property name="sun.cpu.isalist" value="amd64"/>
    <property name="sun.jnu.encoding" value="Cp1252"/>
    <property name="java.class.path" value="C:\projet6\escalade\escalade\escalade-model\target\test-classes;C:\projet6\escalade\escalade\escalade-model\target\classes;C:\Users\Rémi Moustey\.m2\repository\junit\junit\4.11\junit-4.11.jar;C:\Users\Rémi Moustey\.m2\repository\org\hamcrest\hamcrest-core\1.3\hamcrest-core-1.3.jar;C:\Users\Rémi Moustey\.m2\repository\javax\servlet\javax.servlet-api\4.0.0\javax.servlet-api-4.0.0.jar;"/>
    <property name="java.vm.vendor" value="Oracle Corporation"/>
    <property name="sun.arch.data.model" value="64"/>
    <property name="user.variant" value=""/>
    <property name="java.vendor.url" value="https://java.oracle.com/"/>
    <property name="user.timezone" value="Europe/Paris"/>
    <property name="os.name" value="Windows 10"/>
    <property name="java.vm.specification.version" value="12"/>
    <property name="sun.java.launcher" value="SUN_STANDARD"/>
    <property name="user.country" value="FR"/>
    <property name="sun.boot.library.path" value="C:\OpenClassrooms\developpeur_dapplication_java\Projets\env\jdk-12.0.2\bin"/>
    <property name="sun.java.command" value="C:\Users\RMIMOU~1\AppData\Local\Temp\surefire56082212361588996\surefirebooter11001374508033459856.jar C:\Users\Rémi Moustey\AppData\Local\Temp\surefire56082212361588996 2019-11-25T19-49-47_160-jvmRun1 surefire4572815084166257143tmp surefire_010029596508539209596tmp"/>
    <property name="jdk.debug" value="release"/>
    <property name="surefire.test.class.path" value="C:\projet6\escalade\escalade\escalade-model\target\test-classes;C:\projet6\escalade\escalade\escalade-model\target\classes;C:\Users\Rémi Moustey\.m2\repository\junit\junit\4.11\junit-4.11.jar;C:\Users\Rémi Moustey\.m2\repository\org\hamcrest\hamcrest-core\1.3\hamcrest-core-1.3.jar;C:\Users\Rémi Moustey\.m2\repository\javax\servlet\javax.servlet-api\4.0.0\javax.servlet-api-4.0.0.jar;"/>
    <property name="sun.cpu.endian" value="little"/>
    <property name="user.home" value="C:\Users\Rémi Moustey"/>
    <property name="user.language" value="fr"/>
    <property name="java.specification.vendor" value="Oracle Corporation"/>
    <property name="java.version.date" value="2019-07-16"/>
    <property name="java.home" value="C:\OpenClassrooms\developpeur_dapplication_java\Projets\env\jdk-12.0.2"/>
    <property name="file.separator" value="\"/>
    <property name="basedir" value="C:\projet6\escalade\escalade\escalade-model"/>
    <property name="java.vm.compressedOopsMode" value="32-bit"/>
    <property name="line.separator" value="&#10;"/>
    <property name="java.vm.specification.vendor" value="Oracle Corporation"/>
    <property name="java.specification.name" value="Java Platform API Specification"/>
    <property name="java.awt.graphicsenv" value="sun.awt.Win32GraphicsEnvironment"/>
    <property name="surefire.real.class.path" value="C:\Users\RMIMOU~1\AppData\Local\Temp\surefire56082212361588996\surefirebooter11001374508033459856.jar"/>
    <property name="user.script" value=""/>
    <property name="sun.management.compiler" value="HotSpot 64-Bit Tiered Compilers"/>
    <property name="java.runtime.version" value="12.0.2+10"/>
    <property name="user.name" value="Rémi Moustey"/>
    <property name="path.separator" value=";"/>
    <property name="os.version" value="10.0"/>
    <property name="java.runtime.name" value="Java(TM) SE Runtime Environment"/>
    <property name="file.encoding" value="Cp1252"/>
    <property name="java.vm.name" value="Java HotSpot(TM) 64-Bit Server VM"/>
    <property name="localRepository" value="C:\Users\Rémi Moustey\.m2\repository"/>
    <property name="java.vendor.url.bug" value="https://bugreport.java.com/bugreport/"/>
    <property name="java.io.tmpdir" value="C:\Users\RMIMOU~1\AppData\Local\Temp\"/>
    <property name="java.version" value="12.0.2"/>
    <property name="user.dir" value="C:\projet6\escalade\escalade\escalade-model"/>
    <property name="os.arch" value="amd64"/>
    <property name="java.vm.specification.name" value="Java Virtual Machine Specification"/>
    <property name="sun.os.patch.level" value=""/>
    <property name="java.library.path" value="C:\OpenClassrooms\developpeur_dapplication_java\Projets\env\jdk-12.0.2\bin;C:\WINDOWS\Sun\Java\bin;C:\WINDOWS\system32;C:\WINDOWS;C:\Users\Rémi Moustey\Desktop\cmder\bin;C:\Users\Rémi Moustey\Desktop\cmder\vendor\bin;C:\Users\Rémi Moustey\Desktop\cmder\vendor\conemu-maximus5\ConEmu\Scripts;C:\Users\Rémi Moustey\Desktop\cmder\vendor\conemu-maximus5;C:\Users\Rémi Moustey\Desktop\cmder\vendor\conemu-maximus5\ConEmu;C:\Program Files (x86)\Intel\Intel(R) Management Engine Components\iCLS\;C:\Program Files\Intel\Intel(R) Management Engine Components\iCLS\;C:\Windows\system32;C:\Windows;C:\Windows\System32\Wbem;C:\Windows\System32\WindowsPowerShell\v1.0\;C:\Windows\System32\OpenSSH\;C:\Program Files (x86)\Intel\Intel(R) Management Engine Components\DAL;C:\Program Files\Intel\Intel(R) Management Engine Components\DAL;C:\Program Files (x86)\Intel\Intel(R) Management Engine Components\IPT;C:\Program Files\Intel\Intel(R) Management Engine Components\IPT;C:\Program Files (x86)\NVIDIA Corporation\PhysX\Common;C:\WINDOWS\system32;C:\WINDOWS;C:\WINDOWS\System32\Wbem;C:\WINDOWS\System32\WindowsPowerShell\v1.0\;C:\WINDOWS\System32\OpenSSH\;C:\Program Files (x86)\Brackets\command;C:\Program Files\Git\cmd;C:\Program Files\nodejs\;C:\Program Files\MySQL\MySQL Shell 8.0\bin\;C:\OpenClassrooms\developpeur_dapplication_java\Projets\env\jdk-12.0.2\bin;C:\Users\Rémi Moustey\AppData\Local\Microsoft\WindowsApps;C:\Users\Rémi Moustey\AppData\Local\Programs\Microsoft VS Code\bin;C:\Program Files\PHP;search-ms:displayname=Résultats%20de%20la%20recherche%20dans%20Projets&amp;crumb=location:C%3A%5CUsers%5CRémi%20Moustey%5CDocuments%5COpenClassrooms%5CDéveloppeur%20web%20junior%5CProjets\composer;C:\Users\Rémi Moustey\AppData\Roaming\npm;C:\Program Files\MySQL\mysql-connector-java-8.0.18;C:\OpenClassrooms\developpeur_dapplication_java\Projets\env\apache-maven-3.6.2\bin;C:\Program Files\Git\cmd;C:\Program Files\Git\mingw64\bin;C:\Program Files\Git\usr\bin;C:\Users\Rémi Moustey\Desktop\cmder;."/>
    <property name="java.vm.info" value="mixed mode, sharing"/>
    <property name="java.vendor" value="Oracle Corporation"/>
    <property name="java.vm.version" value="12.0.2+10"/>
    <property name="sun.io.unicode.encoding" value="UnicodeLittle"/>
    <property name="java.class.version" value="56.0"/>
  </properties>
  <testcase name="shouldAnswerWithTrue" classname="org.projet6.escalade.model.AppTest" time="0.002"/>
</testsuite>